<?xml version="1.0" encoding="UTF-8"?>
<!-- Generated by org.testng.reporters.JUnitReportReporter -->
<testsuite hostname="LAPTOP-QID1SRL9" failures="0" tests="1" name="com.projectbanking.testclass.LoginTest_001" time="1.702" errors="0" timestamp="2022-04-08T08:47:02 IST" skipped="0">
  <testcase classname="com.projectbanking.testclass.LoginTest_001" name="loginTest" time="1.702"/>
  <system-out/>
</testsuite> <!-- com.projectbanking.testclass.LoginTest_001 -->
